<?xml version="1.0" encoding="UTF-8"?>
<testng-results ignored="0" total="0" passed="0" failed="0" skipped="0">
  <reporter-output>
  </reporter-output>
  <suite started-at="2023-05-08T18:50:03 EEST" name="core.BaseTest" finished-at="2023-05-08T18:50:03 EEST" duration-ms="24">
    <groups>
    </groups>
    <test started-at="2023-05-08T18:50:03 EEST" name="Command line test" finished-at="2023-05-08T18:50:03 EEST" duration-ms="24">
    </test> <!-- Command line test -->
  </suite> <!-- core.BaseTest -->
</testng-results>
